\BOOKMARK [1][-]{section.0.1}{\376\377\000I\000n\000t\000r\000o\000d\000u\000c\000t\000i\000o\000n\000:}{}% 1
\BOOKMARK [1][-]{section.0.2}{\376\377\000R\000e\000l\000a\000t\000e\000d\000\040\000W\000o\000r\000k}{}% 2
\BOOKMARK [1][-]{section.0.3}{\376\377\000D\000a\000t\000a\000\040\000E\000x\000p\000l\000o\000r\000a\000t\000i\000o\000n\000\040\000a\000n\000d\000\040\000P\000r\000e\000p\000r\000o\000c\000e\000s\000s\000i\000n\000g}{}% 3
\BOOKMARK [1][-]{section.0.4}{\376\377\000M\000e\000t\000h\000o\000d\000o\000l\000o\000g\000y}{}% 4
\BOOKMARK [2][-]{subsection.0.4.1}{\376\377\000S\000y\000s\000t\000e\000m\000\040\000A\000r\000c\000h\000i\000t\000e\000c\000t\000u\000r\000e\000\040\000O\000v\000e\000r\000v\000i\000e\000w}{section.0.4}% 5
\BOOKMARK [2][-]{subsection.0.4.2}{\376\377\000F\000i\000n\000e\000-\000T\000u\000n\000e\000d\000\040\000L\000l\000a\000m\000a\000\040\0003\000\040\000w\000i\000t\000h\000\040\000Q\000L\000o\000R\000A}{section.0.4}% 6
\BOOKMARK [2][-]{subsection.0.4.3}{\376\377\000C\000h\000a\000i\000n\000-\000o\000f\000-\000T\000h\000o\000u\000g\000h\000t\000\040\000P\000r\000o\000m\000p\000t\000\040\000P\000i\000p\000e\000l\000i\000n\000e}{section.0.4}% 7
\BOOKMARK [2][-]{subsection.0.4.4}{\376\377\000R\000e\000t\000r\000i\000e\000v\000a\000l\000-\000A\000u\000g\000m\000e\000n\000t\000e\000d\000\040\000G\000e\000n\000e\000r\000a\000t\000i\000o\000n\000\040\000\050\000R\000A\000G\000\051}{section.0.4}% 8
\BOOKMARK [2][-]{subsection.0.4.5}{\376\377\000G\000P\000T\000-\000O\000S\000S\000-\0001\0002\0000\000B\000\040\000J\000o\000k\000e\000\040\000G\000e\000n\000e\000r\000a\000t\000o\000r}{section.0.4}% 9
\BOOKMARK [2][-]{subsection.0.4.6}{\376\377\000D\000u\000a\000l\000\040\000E\000v\000a\000l\000u\000a\000t\000i\000o\000n\000\040\000S\000y\000s\000t\000e\000m}{section.0.4}% 10
\BOOKMARK [2][-]{subsection.0.4.7}{\376\377\000L\000a\000n\000g\000G\000r\000a\000p\000h\000\040\000O\000r\000c\000h\000e\000s\000t\000r\000a\000t\000o\000r}{section.0.4}% 11
\BOOKMARK [1][-]{section.0.5}{\376\377\000E\000x\000p\000e\000r\000i\000m\000e\000n\000t\000a\000l\000\040\000S\000e\000t\000u\000p}{}% 12
\BOOKMARK [2][-]{subsection.0.5.1}{\376\377\000L\000l\000a\000m\000a\000\040\0003\000\040\000F\000i\000n\000e\000-\000T\000u\000n\000i\000n\000g}{section.0.5}% 13
\BOOKMARK [2][-]{subsection.0.5.2}{\376\377\000M\000i\000s\000t\000r\000a\000l\000\040\000E\000v\000a\000l\000u\000a\000t\000o\000r\000\040\000F\000i\000n\000e\000-\000T\000u\000n\000i\000n\000g}{section.0.5}% 14
\BOOKMARK [2][-]{subsection.0.5.3}{\376\377\000I\000n\000f\000e\000r\000e\000n\000c\000e\000\040\000C\000o\000n\000f\000i\000g\000u\000r\000a\000t\000i\000o\000n}{section.0.5}% 15
\BOOKMARK [2][-]{subsection.0.5.4}{\376\377\000C\000o\000m\000p\000u\000t\000e\000\040\000E\000n\000v\000i\000r\000o\000n\000m\000e\000n\000t}{section.0.5}% 16
\BOOKMARK [1][-]{section.0.6}{\376\377\000E\000v\000a\000l\000u\000a\000t\000i\000o\000n\000\040\000a\000n\000d\000\040\000R\000e\000s\000u\000l\000t\000s}{}% 17
\BOOKMARK [1][-]{section.0.7}{\376\377\000A\000n\000a\000l\000y\000s\000i\000s\000\040\000a\000n\000d\000\040\000D\000i\000s\000c\000u\000s\000s\000i\000o\000n}{}% 18
\BOOKMARK [1][-]{section.0.8}{\376\377\000C\000o\000n\000c\000l\000u\000s\000i\000o\000n}{}% 19
\BOOKMARK [1][-]{section.0.9}{\376\377\000F\000u\000t\000u\000r\000e\000\040\000W\000o\000r\000k}{}% 20
\BOOKMARK [1][-]{chapter*.1}{\376\377\000A\000p\000p\000e\000n\000d\000i\000x}{}% 21
\BOOKMARK [1][-]{section.Alph0.1}{\376\377\000A\000d\000d\000i\000t\000i\000o\000n\000a\000l\000\040\000F\000i\000g\000u\000r\000e\000s\000\040\000a\000n\000d\000\040\000E\000x\000a\000m\000p\000l\000e\000\040\000O\000u\000t\000p\000u\000t\000s}{}% 22
\BOOKMARK [1][-]{section.Alph0.2}{\376\377\000T\000e\000c\000h\000n\000i\000c\000a\000l\000\040\000S\000t\000e\000p\000s}{}% 23
\BOOKMARK [2][-]{subsection.Alph0.2.1}{\376\377\000C\000h\000e\000c\000k\000p\000o\000i\000n\000t\000\040\000s\000e\000l\000e\000c\000t\000i\000o\000n}{section.Alph0.2}% 24
\BOOKMARK [2][-]{subsection.Alph0.2.2}{\376\377\000E\000v\000a\000l\000u\000a\000t\000i\000o\000n\000\040\000m\000e\000t\000r\000i\000c\000s}{section.Alph0.2}% 25
\BOOKMARK [2][-]{subsection.Alph0.2.3}{\376\377\000L\000e\000a\000r\000n\000i\000n\000g\000\040\000c\000u\000r\000v\000e\000s}{section.Alph0.2}% 26
\BOOKMARK [2][-]{subsection.Alph0.2.4}{\376\377\000F\000i\000n\000e\000-\000t\000u\000n\000i\000n\000g\000\040\000C\000o\000n\000f\000i\000g\000u\000r\000a\000t\000i\000o\000n}{section.Alph0.2}% 27
